# JRE version: OpenJDK Runtime Environment (8.0_131-b11) (build 1.8.0_131-8u131-b11-2ubuntu1.17.04.3-b11)
# Java VM: OpenJDK 64-Bit Server VM (25.131-b11 mixed mode linux-amd64 compressed oops)
Heap:
 PSYoungGen      total 171520K, used 19966K [0x00000000f0580000, 0x00000000fdb80000, 0x0000000100000000)
  eden space 151552K, 0% used [0x00000000f0580000,0x00000000f0580000,0x00000000f9980000)
  from space 19968K, 99% used [0x00000000fc800000,0x00000000fdb7f8c8,0x00000000fdb80000)
  to   space 10752K, 0% used [0x00000000f9980000,0x00000000f9980000,0x00000000fa400000)
 ParOldGen       total 72192K, used 50706K [0x00000000d1000000, 0x00000000d5680000, 0x00000000f0580000)
  object space 72192K, 70% used [0x00000000d1000000,0x00000000d4184b80,0x00000000d5680000)
 Metaspace       used 27142K, capacity 28068K, committed 28160K, reserved 1075200K
  class space    used 3159K, capacity 3324K, committed 3328K, reserved 1048576K
GC Heap History (10 events):
Event: 5,053 GC heap after
Heap after GC invocations=9 (full 0):
 PSYoungGen      total 105472K, used 6261K [0x00000000f0580000, 0x00000000fae80000, 0x0000000100000000)
  eden space 97280K, 0% used [0x00000000f0580000,0x00000000f0580000,0x00000000f6480000)
  from space 8192K, 76% used [0x00000000f6480000,0x00000000f6a9d6b8,0x00000000f6c80000)
  to   space 8704K, 0% used [0x00000000fa600000,0x00000000fa600000,0x00000000fae80000)
 ParOldGen       total 32768K, used 11042K [0x00000000d1000000, 0x00000000d3000000, 0x00000000f0580000)
  object space 32768K, 33% used [0x00000000d1000000,0x00000000d1ac8a40,0x00000000d3000000)
 Metaspace       used 20474K, capacity 21084K, committed 21296K, reserved 1069056K
  class space    used 2439K, capacity 2569K, committed 2688K, reserved 1048576K
}
Event: 5,053 GC heap before
{Heap before GC invocations=10 (full 1):
 PSYoungGen      total 105472K, used 6261K [0x00000000f0580000, 0x00000000fae80000, 0x0000000100000000)
  eden space 97280K, 0% used [0x00000000f0580000,0x00000000f0580000,0x00000000f6480000)
  from space 8192K, 76% used [0x00000000f6480000,0x00000000f6a9d6b8,0x00000000f6c80000)
  to   space 8704K, 0% used [0x00000000fa600000,0x00000000fa600000,0x00000000fae80000)
 ParOldGen       total 32768K, used 11042K [0x00000000d1000000, 0x00000000d3000000, 0x00000000f0580000)
  object space 32768K, 33% used [0x00000000d1000000,0x00000000d1ac8a40,0x00000000d3000000)
 Metaspace       used 20474K, capacity 21084K, committed 21296K, reserved 1069056K
  class space    used 2439K, capacity 2569K, committed 2688K, reserved 1048576K
Event: 5,132 GC heap after
Heap after GC invocations=10 (full 1):
 PSYoungGen      total 105472K, used 0K [0x00000000f0580000, 0x00000000fae80000, 0x0000000100000000)
  eden space 97280K, 0% used [0x00000000f0580000,0x00000000f0580000,0x00000000f6480000)
  from space 8192K, 0% used [0x00000000f6480000,0x00000000f6480000,0x00000000f6c80000)
  to   space 8704K, 0% used [0x00000000fa600000,0x00000000fa600000,0x00000000fae80000)
 ParOldGen       total 32768K, used 12467K [0x00000000d1000000, 0x00000000d3000000, 0x00000000f0580000)
  object space 32768K, 38% used [0x00000000d1000000,0x00000000d1c2cc88,0x00000000d3000000)
 Metaspace       used 20474K, capacity 21084K, committed 21296K, reserved 1069056K
  class space    used 2439K, capacity 2569K, committed 2688K, reserved 1048576K
}
Event: 6,710 GC heap before
{Heap before GC invocations=11 (full 1):
 PSYoungGen      total 105472K, used 97280K [0x00000000f0580000, 0x00000000fae80000, 0x0000000100000000)
  eden space 97280K, 100% used [0x00000000f0580000,0x00000000f6480000,0x00000000f6480000)
  from space 8192K, 0% used [0x00000000f6480000,0x00000000f6480000,0x00000000f6c80000)
  to   space 8704K, 0% used [0x00000000fa600000,0x00000000fa600000,0x00000000fae80000)
 ParOldGen       total 32768K, used 12467K [0x00000000d1000000, 0x00000000d3000000, 0x00000000f0580000)
  object space 32768K, 38% used [0x00000000d1000000,0x00000000d1c2cc88,0x00000000d3000000)
 Metaspace       used 24426K, capacity 25230K, committed 25344K, reserved 1071104K
  class space    used 2849K, capacity 3010K, committed 3072K, reserved 1048576K
Event: 6,728 GC heap after
Heap after GC invocations=11 (full 1):
 PSYoungGen      total 141824K, used 8695K [0x00000000f0580000, 0x00000000fae80000, 0x0000000100000000)
  eden space 133120K, 0% used [0x00000000f0580000,0x00000000f0580000,0x00000000f8780000)
  from space 8704K, 99% used [0x00000000fa600000,0x00000000fae7dda8,0x00000000fae80000)
  to   space 10752K, 0% used [0x00000000f9980000,0x00000000f9980000,0x00000000fa400000)
 ParOldGen       total 32768K, used 15195K [0x00000000d1000000, 0x00000000d3000000, 0x00000000f0580000)
  object space 32768K, 46% used [0x00000000d1000000,0x00000000d1ed6c20,0x00000000d3000000)
 Metaspace       used 24426K, capacity 25230K, committed 25344K, reserved 1071104K
  class space    used 2849K, capacity 3010K, committed 3072K, reserved 1048576K
}
Event: 10,830 GC heap before
{Heap before GC invocations=12 (full 1):
 PSYoungGen      total 141824K, used 141815K [0x00000000f0580000, 0x00000000fae80000, 0x0000000100000000)
  eden space 133120K, 100% used [0x00000000f0580000,0x00000000f8780000,0x00000000f8780000)
  from space 8704K, 99% used [0x00000000fa600000,0x00000000fae7dda8,0x00000000fae80000)
  to   space 10752K, 0% used [0x00000000f9980000,0x00000000f9980000,0x00000000fa400000)
 ParOldGen       total 32768K, used 15195K [0x00000000d1000000, 0x00000000d3000000, 0x00000000f0580000)
  object space 32768K, 46% used [0x00000000d1000000,0x00000000d1ed6c20,0x00000000d3000000)
 Metaspace       used 27140K, capacity 28068K, committed 28160K, reserved 1075200K
  class space    used 3159K, capacity 3324K, committed 3328K, reserved 1048576K
Event: 10,873 GC heap after
Heap after GC invocations=12 (full 1):
 PSYoungGen      total 162304K, used 10725K [0x00000000f0580000, 0x00000000fdb80000, 0x0000000100000000)
  eden space 151552K, 0% used [0x00000000f0580000,0x00000000f0580000,0x00000000f9980000)
  from space 10752K, 99% used [0x00000000f9980000,0x00000000fa3f94d0,0x00000000fa400000)
  to   space 19968K, 0% used [0x00000000fc800000,0x00000000fc800000,0x00000000fdb80000)
 ParOldGen       total 36352K, used 35980K [0x00000000d1000000, 0x00000000d3380000, 0x00000000f0580000)
  object space 36352K, 98% used [0x00000000d1000000,0x00000000d3323038,0x00000000d3380000)
 Metaspace       used 27140K, capacity 28068K, committed 28160K, reserved 1075200K
  class space    used 3159K, capacity 3324K, committed 3328K, reserved 1048576K
}
Event: 10,873 GC heap before
{Heap before GC invocations=13 (full 2):
 PSYoungGen      total 162304K, used 10725K [0x00000000f0580000, 0x00000000fdb80000, 0x0000000100000000)
  eden space 151552K, 0% used [0x00000000f0580000,0x00000000f0580000,0x00000000f9980000)
  from space 10752K, 99% used [0x00000000f9980000,0x00000000fa3f94d0,0x00000000fa400000)
  to   space 19968K, 0% used [0x00000000fc800000,0x00000000fc800000,0x00000000fdb80000)
 ParOldGen       total 36352K, used 35980K [0x00000000d1000000, 0x00000000d3380000, 0x00000000f0580000)
  object space 36352K, 98% used [0x00000000d1000000,0x00000000d3323038,0x00000000d3380000)
 Metaspace       used 27140K, capacity 28068K, committed 28160K, reserved 1075200K
  class space    used 3159K, capacity 3324K, committed 3328K, reserved 1048576K
Event: 11,026 GC heap after
Heap after GC invocations=13 (full 2):
 PSYoungGen      total 162304K, used 3378K [0x00000000f0580000, 0x00000000fdb80000, 0x0000000100000000)
  eden space 151552K, 0% used [0x00000000f0580000,0x00000000f0580000,0x00000000f9980000)
  from space 10752K, 31% used [0x00000000f9980000,0x00000000f9cccb18,0x00000000fa400000)
  to   space 19968K, 0% used [0x00000000fc800000,0x00000000fc800000,0x00000000fdb80000)
 ParOldGen       total 72192K, used 36249K [0x00000000d1000000, 0x00000000d5680000, 0x00000000f0580000)
  object space 72192K, 50% used [0x00000000d1000000,0x00000000d3366710,0x00000000d5680000)
 Metaspace       used 27140K, capacity 28068K, committed 28160K, reserved 1075200K
  class space    used 3159K, capacity 3324K, committed 3328K, reserved 1048576K
}
Event: 12,296 GC heap before
{Heap before GC invocations=14 (full 2):
 PSYoungGen      total 162304K, used 154930K [0x00000000f0580000, 0x00000000fdb80000, 0x0000000100000000)
  eden space 151552K, 100% used [0x00000000f0580000,0x00000000f9980000,0x00000000f9980000)
  from space 10752K, 31% used [0x00000000f9980000,0x00000000f9cccb18,0x00000000fa400000)
  to   space 19968K, 0% used [0x00000000fc800000,0x00000000fc800000,0x00000000fdb80000)
 ParOldGen       total 72192K, used 36249K [0x00000000d1000000, 0x00000000d5680000, 0x00000000f0580000)
  object space 72192K, 50% used [0x00000000d1000000,0x00000000d3366710,0x00000000d5680000)
 Metaspace       used 27142K, capacity 28068K, committed 28160K, reserved 1075200K
  class space    used 3159K, capacity 3324K, committed 3328K, reserved 1048576K

