# JRE version: OpenJDK Runtime Environment (8.0_131-b11) (build 1.8.0_131-8u131-b11-2ubuntu1.17.04.3-b11)
# Java VM: OpenJDK 64-Bit Server VM (25.131-b11 mixed mode linux-amd64 compressed oops)
Heap:
 PSYoungGen      total 26624K, used 2032K [0x00000000f0580000, 0x00000000f2180000, 0x0000000100000000)
  eden space 24576K, 0% used [0x00000000f0580000,0x00000000f0580000,0x00000000f1d80000)
  from space 2048K, 99% used [0x00000000f1d80000,0x00000000f1f7c040,0x00000000f1f80000)
  to   space 2048K, 0% used [0x00000000f1f80000,0x00000000f1f80000,0x00000000f2180000)
 ParOldGen       total 32768K, used 5978K [0x00000000d1000000, 0x00000000d3000000, 0x00000000f0580000)
  object space 32768K, 18% used [0x00000000d1000000,0x00000000d15d6b28,0x00000000d3000000)
 Metaspace       used 15393K, capacity 15676K, committed 16000K, reserved 1062912K
  class space    used 2055K, capacity 2100K, committed 2176K, reserved 1048576K
GC Heap History (9 events):
Event: 1,241 GC heap before
{Heap before GC invocations=1 (full 0):
 PSYoungGen      total 14336K, used 12288K [0x00000000f0580000, 0x00000000f1580000, 0x0000000100000000)
  eden space 12288K, 100% used [0x00000000f0580000,0x00000000f1180000,0x00000000f1180000)
  from space 2048K, 0% used [0x00000000f1380000,0x00000000f1380000,0x00000000f1580000)
  to   space 2048K, 0% used [0x00000000f1180000,0x00000000f1180000,0x00000000f1380000)
 ParOldGen       total 32768K, used 0K [0x00000000d1000000, 0x00000000d3000000, 0x00000000f0580000)
  object space 32768K, 0% used [0x00000000d1000000,0x00000000d1000000,0x00000000d3000000)
 Metaspace       used 5425K, capacity 5880K, committed 6144K, reserved 1056768K
  class space    used 649K, capacity 662K, committed 768K, reserved 1048576K
Event: 1,244 GC heap after
Heap after GC invocations=1 (full 0):
 PSYoungGen      total 14336K, used 2033K [0x00000000f0580000, 0x00000000f1580000, 0x0000000100000000)
  eden space 12288K, 0% used [0x00000000f0580000,0x00000000f0580000,0x00000000f1180000)
  from space 2048K, 99% used [0x00000000f1180000,0x00000000f137c5d0,0x00000000f1380000)
  to   space 2048K, 0% used [0x00000000f1380000,0x00000000f1380000,0x00000000f1580000)
 ParOldGen       total 32768K, used 259K [0x00000000d1000000, 0x00000000d3000000, 0x00000000f0580000)
  object space 32768K, 0% used [0x00000000d1000000,0x00000000d1040c50,0x00000000d3000000)
 Metaspace       used 5425K, capacity 5880K, committed 6144K, reserved 1056768K
  class space    used 649K, capacity 662K, committed 768K, reserved 1048576K
}
Event: 1,674 GC heap before
{Heap before GC invocations=2 (full 0):
 PSYoungGen      total 14336K, used 14321K [0x00000000f0580000, 0x00000000f1580000, 0x0000000100000000)
  eden space 12288K, 100% used [0x00000000f0580000,0x00000000f1180000,0x00000000f1180000)
  from space 2048K, 99% used [0x00000000f1180000,0x00000000f137c5d0,0x00000000f1380000)
  to   space 2048K, 0% used [0x00000000f1380000,0x00000000f1380000,0x00000000f1580000)
 ParOldGen       total 32768K, used 259K [0x00000000d1000000, 0x00000000d3000000, 0x00000000f0580000)
  object space 32768K, 0% used [0x00000000d1000000,0x00000000d1040c50,0x00000000d3000000)
 Metaspace       used 6871K, capacity 7254K, committed 7424K, reserved 1056768K
  class space    used 951K, capacity 987K, committed 1024K, reserved 1048576K
Event: 1,695 GC heap after
Heap after GC invocations=2 (full 0):
 PSYoungGen      total 14336K, used 2032K [0x00000000f0580000, 0x00000000f2180000, 0x0000000100000000)
  eden space 12288K, 0% used [0x00000000f0580000,0x00000000f0580000,0x00000000f1180000)
  from space 2048K, 99% used [0x00000000f1380000,0x00000000f157c010,0x00000000f1580000)
  to   space 2048K, 0% used [0x00000000f1180000,0x00000000f1180000,0x00000000f1380000)
 ParOldGen       total 32768K, used 930K [0x00000000d1000000, 0x00000000d3000000, 0x00000000f0580000)
  object space 32768K, 2% used [0x00000000d1000000,0x00000000d10e8b10,0x00000000d3000000)
 Metaspace       used 6871K, capacity 7254K, committed 7424K, reserved 1056768K
  class space    used 951K, capacity 987K, committed 1024K, reserved 1048576K
}
Event: 1,957 GC heap before
{Heap before GC invocations=3 (full 0):
 PSYoungGen      total 14336K, used 14320K [0x00000000f0580000, 0x00000000f2180000, 0x0000000100000000)
  eden space 12288K, 100% used [0x00000000f0580000,0x00000000f1180000,0x00000000f1180000)
  from space 2048K, 99% used [0x00000000f1380000,0x00000000f157c010,0x00000000f1580000)
  to   space 2048K, 0% used [0x00000000f1180000,0x00000000f1180000,0x00000000f1380000)
 ParOldGen       total 32768K, used 930K [0x00000000d1000000, 0x00000000d3000000, 0x00000000f0580000)
  object space 32768K, 2% used [0x00000000d1000000,0x00000000d10e8b10,0x00000000d3000000)
 Metaspace       used 8473K, capacity 8762K, committed 9088K, reserved 1056768K
  class space    used 1261K, capacity 1313K, committed 1408K, reserved 1048576K
Event: 1,963 GC heap after
Heap after GC invocations=3 (full 0):
 PSYoungGen      total 14336K, used 2048K [0x00000000f0580000, 0x00000000f2180000, 0x0000000100000000)
  eden space 12288K, 0% used [0x00000000f0580000,0x00000000f0580000,0x00000000f1180000)
  from space 2048K, 100% used [0x00000000f1180000,0x00000000f1380000,0x00000000f1380000)
  to   space 2048K, 0% used [0x00000000f1f80000,0x00000000f1f80000,0x00000000f2180000)
 ParOldGen       total 32768K, used 1879K [0x00000000d1000000, 0x00000000d3000000, 0x00000000f0580000)
  object space 32768K, 5% used [0x00000000d1000000,0x00000000d11d5f88,0x00000000d3000000)
 Metaspace       used 8473K, capacity 8762K, committed 9088K, reserved 1056768K
  class space    used 1261K, capacity 1313K, committed 1408K, reserved 1048576K
}
Event: 2,465 GC heap before
{Heap before GC invocations=4 (full 0):
 PSYoungGen      total 14336K, used 14336K [0x00000000f0580000, 0x00000000f2180000, 0x0000000100000000)
  eden space 12288K, 100% used [0x00000000f0580000,0x00000000f1180000,0x00000000f1180000)
  from space 2048K, 100% used [0x00000000f1180000,0x00000000f1380000,0x00000000f1380000)
  to   space 2048K, 0% used [0x00000000f1f80000,0x00000000f1f80000,0x00000000f2180000)
 ParOldGen       total 32768K, used 1879K [0x00000000d1000000, 0x00000000d3000000, 0x00000000f0580000)
  object space 32768K, 5% used [0x00000000d1000000,0x00000000d11d5f88,0x00000000d3000000)
 Metaspace       used 9453K, capacity 9648K, committed 9728K, reserved 1056768K
  class space    used 1403K, capacity 1458K, committed 1536K, reserved 1048576K
Event: 2,473 GC heap after
Heap after GC invocations=4 (full 0):
 PSYoungGen      total 26624K, used 2020K [0x00000000f0580000, 0x00000000f2180000, 0x0000000100000000)
  eden space 24576K, 0% used [0x00000000f0580000,0x00000000f0580000,0x00000000f1d80000)
  from space 2048K, 98% used [0x00000000f1f80000,0x00000000f2179038,0x00000000f2180000)
  to   space 2048K, 0% used [0x00000000f1d80000,0x00000000f1d80000,0x00000000f1f80000)
 ParOldGen       total 32768K, used 2076K [0x00000000d1000000, 0x00000000d3000000, 0x00000000f0580000)
  object space 32768K, 6% used [0x00000000d1000000,0x00000000d12073b8,0x00000000d3000000)
 Metaspace       used 9453K, capacity 9648K, committed 9728K, reserved 1056768K
  class space    used 1403K, capacity 1458K, committed 1536K, reserved 1048576K
}
Event: 3,899 GC heap before
{Heap before GC invocations=5 (full 0):
 PSYoungGen      total 26624K, used 26596K [0x00000000f0580000, 0x00000000f2180000, 0x0000000100000000)
  eden space 24576K, 100% used [0x00000000f0580000,0x00000000f1d80000,0x00000000f1d80000)
  from space 2048K, 98% used [0x00000000f1f80000,0x00000000f2179038,0x00000000f2180000)
  to   space 2048K, 0% used [0x00000000f1d80000,0x00000000f1d80000,0x00000000f1f80000)
 ParOldGen       total 32768K, used 2076K [0x00000000d1000000, 0x00000000d3000000, 0x00000000f0580000)
  object space 32768K, 6% used [0x00000000d1000000,0x00000000d12073b8,0x00000000d3000000)
 Metaspace       used 15393K, capacity 15676K, committed 16000K, reserved 1062912K
  class space    used 2055K, capacity 2100K, committed 2176K, reserved 1048576K

