# JRE version: OpenJDK Runtime Environment (8.0_131-b11) (build 1.8.0_131-8u131-b11-2ubuntu1.17.04.3-b11)
# Java VM: OpenJDK 64-Bit Server VM (25.131-b11 mixed mode linux-amd64 compressed oops)
Heap:
 PSYoungGen      total 171520K, used 19938K [0x00000000f0580000, 0x00000000fd500000, 0x0000000100000000)
  eden space 151552K, 0% used [0x00000000f0580000,0x00000000f0580000,0x00000000f9980000)
  from space 19968K, 99% used [0x00000000fc180000,0x00000000fd4f8a70,0x00000000fd500000)
  to   space 10752K, 0% used [0x00000000f9980000,0x00000000f9980000,0x00000000fa400000)
 ParOldGen       total 73728K, used 49251K [0x00000000d1000000, 0x00000000d5800000, 0x00000000f0580000)
  object space 73728K, 66% used [0x00000000d1000000,0x00000000d4018d88,0x00000000d5800000)
 Metaspace       used 27055K, capacity 27970K, committed 28288K, reserved 1075200K
  class space    used 3163K, capacity 3354K, committed 3456K, reserved 1048576K
GC Heap History (10 events):
Event: 6,807 GC heap after
Heap after GC invocations=9 (full 0):
 PSYoungGen      total 105472K, used 6289K [0x00000000f0580000, 0x00000000fae80000, 0x0000000100000000)
  eden space 97280K, 0% used [0x00000000f0580000,0x00000000f0580000,0x00000000f6480000)
  from space 8192K, 76% used [0x00000000f6480000,0x00000000f6aa47e0,0x00000000f6c80000)
  to   space 8704K, 0% used [0x00000000fa600000,0x00000000fa600000,0x00000000fae80000)
 ParOldGen       total 32768K, used 11671K [0x00000000d1000000, 0x00000000d3000000, 0x00000000f0580000)
  object space 32768K, 35% used [0x00000000d1000000,0x00000000d1b65f10,0x00000000d3000000)
 Metaspace       used 20580K, capacity 21114K, committed 21296K, reserved 1069056K
  class space    used 2458K, capacity 2599K, committed 2688K, reserved 1048576K
}
Event: 6,807 GC heap before
{Heap before GC invocations=10 (full 1):
 PSYoungGen      total 105472K, used 6289K [0x00000000f0580000, 0x00000000fae80000, 0x0000000100000000)
  eden space 97280K, 0% used [0x00000000f0580000,0x00000000f0580000,0x00000000f6480000)
  from space 8192K, 76% used [0x00000000f6480000,0x00000000f6aa47e0,0x00000000f6c80000)
  to   space 8704K, 0% used [0x00000000fa600000,0x00000000fa600000,0x00000000fae80000)
 ParOldGen       total 32768K, used 11671K [0x00000000d1000000, 0x00000000d3000000, 0x00000000f0580000)
  object space 32768K, 35% used [0x00000000d1000000,0x00000000d1b65f10,0x00000000d3000000)
 Metaspace       used 20580K, capacity 21114K, committed 21296K, reserved 1069056K
  class space    used 2458K, capacity 2599K, committed 2688K, reserved 1048576K
Event: 6,927 GC heap after
Heap after GC invocations=10 (full 1):
 PSYoungGen      total 105472K, used 0K [0x00000000f0580000, 0x00000000fae80000, 0x0000000100000000)
  eden space 97280K, 0% used [0x00000000f0580000,0x00000000f0580000,0x00000000f6480000)
  from space 8192K, 0% used [0x00000000f6480000,0x00000000f6480000,0x00000000f6c80000)
  to   space 8704K, 0% used [0x00000000fa600000,0x00000000fa600000,0x00000000fae80000)
 ParOldGen       total 33792K, used 12475K [0x00000000d1000000, 0x00000000d3100000, 0x00000000f0580000)
  object space 33792K, 36% used [0x00000000d1000000,0x00000000d1c2eef8,0x00000000d3100000)
 Metaspace       used 20580K, capacity 21114K, committed 21296K, reserved 1069056K
  class space    used 2458K, capacity 2599K, committed 2688K, reserved 1048576K
}
Event: 9,430 GC heap before
{Heap before GC invocations=11 (full 1):
 PSYoungGen      total 105472K, used 97280K [0x00000000f0580000, 0x00000000fae80000, 0x0000000100000000)
  eden space 97280K, 100% used [0x00000000f0580000,0x00000000f6480000,0x00000000f6480000)
  from space 8192K, 0% used [0x00000000f6480000,0x00000000f6480000,0x00000000f6c80000)
  to   space 8704K, 0% used [0x00000000fa600000,0x00000000fa600000,0x00000000fae80000)
 ParOldGen       total 33792K, used 12475K [0x00000000d1000000, 0x00000000d3100000, 0x00000000f0580000)
  object space 33792K, 36% used [0x00000000d1000000,0x00000000d1c2eef8,0x00000000d3100000)
 Metaspace       used 24534K, capacity 25260K, committed 25344K, reserved 1071104K
  class space    used 2876K, capacity 3040K, committed 3072K, reserved 1048576K
Event: 9,491 GC heap after
Heap after GC invocations=11 (full 1):
 PSYoungGen      total 139264K, used 8695K [0x00000000f0580000, 0x00000000fae80000, 0x0000000100000000)
  eden space 130560K, 0% used [0x00000000f0580000,0x00000000f0580000,0x00000000f8500000)
  from space 8704K, 99% used [0x00000000fa600000,0x00000000fae7dda8,0x00000000fae80000)
  to   space 10752K, 0% used [0x00000000f9980000,0x00000000f9980000,0x00000000fa400000)
 ParOldGen       total 33792K, used 15348K [0x00000000d1000000, 0x00000000d3100000, 0x00000000f0580000)
  object space 33792K, 45% used [0x00000000d1000000,0x00000000d1efd278,0x00000000d3100000)
 Metaspace       used 24534K, capacity 25260K, committed 25344K, reserved 1071104K
  class space    used 2876K, capacity 3040K, committed 3072K, reserved 1048576K
}
Event: 16,165 GC heap before
{Heap before GC invocations=12 (full 1):
 PSYoungGen      total 139264K, used 139255K [0x00000000f0580000, 0x00000000fae80000, 0x0000000100000000)
  eden space 130560K, 100% used [0x00000000f0580000,0x00000000f8500000,0x00000000f8500000)
  from space 8704K, 99% used [0x00000000fa600000,0x00000000fae7dda8,0x00000000fae80000)
  to   space 10752K, 0% used [0x00000000f9980000,0x00000000f9980000,0x00000000fa400000)
 ParOldGen       total 33792K, used 15348K [0x00000000d1000000, 0x00000000d3100000, 0x00000000f0580000)
  object space 33792K, 45% used [0x00000000d1000000,0x00000000d1efd278,0x00000000d3100000)
 Metaspace       used 27055K, capacity 27970K, committed 28288K, reserved 1075200K
  class space    used 3163K, capacity 3354K, committed 3456K, reserved 1048576K
Event: 16,241 GC heap after
Heap after GC invocations=12 (full 1):
 PSYoungGen      total 162304K, used 10744K [0x00000000f0580000, 0x00000000fd500000, 0x0000000100000000)
  eden space 151552K, 0% used [0x00000000f0580000,0x00000000f0580000,0x00000000f9980000)
  from space 10752K, 99% used [0x00000000f9980000,0x00000000fa3fe268,0x00000000fa400000)
  to   space 19968K, 0% used [0x00000000fc180000,0x00000000fc180000,0x00000000fd500000)
 ParOldGen       total 35840K, used 35526K [0x00000000d1000000, 0x00000000d3300000, 0x00000000f0580000)
  object space 35840K, 99% used [0x00000000d1000000,0x00000000d32b1bf0,0x00000000d3300000)
 Metaspace       used 27055K, capacity 27970K, committed 28288K, reserved 1075200K
  class space    used 3163K, capacity 3354K, committed 3456K, reserved 1048576K
}
Event: 16,241 GC heap before
{Heap before GC invocations=13 (full 2):
 PSYoungGen      total 162304K, used 10744K [0x00000000f0580000, 0x00000000fd500000, 0x0000000100000000)
  eden space 151552K, 0% used [0x00000000f0580000,0x00000000f0580000,0x00000000f9980000)
  from space 10752K, 99% used [0x00000000f9980000,0x00000000fa3fe268,0x00000000fa400000)
  to   space 19968K, 0% used [0x00000000fc180000,0x00000000fc180000,0x00000000fd500000)
 ParOldGen       total 35840K, used 35526K [0x00000000d1000000, 0x00000000d3300000, 0x00000000f0580000)
  object space 35840K, 99% used [0x00000000d1000000,0x00000000d32b1bf0,0x00000000d3300000)
 Metaspace       used 27055K, capacity 27970K, committed 28288K, reserved 1075200K
  class space    used 3163K, capacity 3354K, committed 3456K, reserved 1048576K
Event: 16,502 GC heap after
Heap after GC invocations=13 (full 2):
 PSYoungGen      total 162304K, used 2876K [0x00000000f0580000, 0x00000000fd500000, 0x0000000100000000)
  eden space 151552K, 0% used [0x00000000f0580000,0x00000000f0580000,0x00000000f9980000)
  from space 10752K, 26% used [0x00000000f9980000,0x00000000f9c4f2d8,0x00000000fa400000)
  to   space 19968K, 0% used [0x00000000fc180000,0x00000000fc180000,0x00000000fd500000)
 ParOldGen       total 73728K, used 35366K [0x00000000d1000000, 0x00000000d5800000, 0x00000000f0580000)
  object space 73728K, 47% used [0x00000000d1000000,0x00000000d3289b08,0x00000000d5800000)
 Metaspace       used 27055K, capacity 27970K, committed 28288K, reserved 1075200K
  class space    used 3163K, capacity 3354K, committed 3456K, reserved 1048576K
}
Event: 18,571 GC heap before
{Heap before GC invocations=14 (full 2):
 PSYoungGen      total 162304K, used 154428K [0x00000000f0580000, 0x00000000fd500000, 0x0000000100000000)
  eden space 151552K, 100% used [0x00000000f0580000,0x00000000f9980000,0x00000000f9980000)
  from space 10752K, 26% used [0x00000000f9980000,0x00000000f9c4f2d8,0x00000000fa400000)
  to   space 19968K, 0% used [0x00000000fc180000,0x00000000fc180000,0x00000000fd500000)
 ParOldGen       total 73728K, used 35366K [0x00000000d1000000, 0x00000000d5800000, 0x00000000f0580000)
  object space 73728K, 47% used [0x00000000d1000000,0x00000000d3289b08,0x00000000d5800000)
 Metaspace       used 27055K, capacity 27970K, committed 28288K, reserved 1075200K
  class space    used 3163K, capacity 3354K, committed 3456K, reserved 1048576K

